0 info it worked if it ends with ok
1 verbose cli [ 'node', '/usr/local/bin/npm', 'install' ]
2 info using npm@1.4.28
3 info using node@v0.10.34
4 verbose readDependencies using package.json deps
5 verbose install where, deps [ '/Users/joseba/Proyectos/reqValidationHook/reqValidationWorking/node_modules/sails-hook-req-validation',
5 verbose install   [ 'validator' ] ]
6 info preinstall sails-hook-req-validation@0.11.2
7 verbose readDependencies using package.json deps
8 verbose cache add [ 'validator@3.26.0', null ]
9 verbose cache add name=undefined spec="validator@3.26.0" args=["validator@3.26.0",null]
10 verbose parsed url { protocol: null,
10 verbose parsed url   slashes: null,
10 verbose parsed url   auth: null,
10 verbose parsed url   host: null,
10 verbose parsed url   port: null,
10 verbose parsed url   hostname: null,
10 verbose parsed url   hash: null,
10 verbose parsed url   search: null,
10 verbose parsed url   query: null,
10 verbose parsed url   pathname: 'validator@3.26.0',
10 verbose parsed url   path: 'validator@3.26.0',
10 verbose parsed url   href: 'validator@3.26.0' }
11 verbose cache add name="validator" spec="3.26.0" args=["validator","3.26.0"]
12 verbose parsed url { protocol: null,
12 verbose parsed url   slashes: null,
12 verbose parsed url   auth: null,
12 verbose parsed url   host: null,
12 verbose parsed url   port: null,
12 verbose parsed url   hostname: null,
12 verbose parsed url   hash: null,
12 verbose parsed url   search: null,
12 verbose parsed url   query: null,
12 verbose parsed url   pathname: '3.26.0',
12 verbose parsed url   path: '3.26.0',
12 verbose parsed url   href: '3.26.0' }
13 verbose addNamed [ 'validator', '3.26.0' ]
14 verbose addNamed [ '3.26.0', '3.26.0' ]
15 silly lockFile 9e79a94a-validator-3-26-0 validator@3.26.0
16 verbose lock validator@3.26.0 /Users/joseba/.npm/9e79a94a-validator-3-26-0.lock
17 verbose request where is /validator
18 verbose request registry https://registry.npmjs.org/
19 verbose request id 1c8ed18b3d5646cd
20 verbose url raw /validator
21 verbose url resolving [ 'https://registry.npmjs.org/', './validator' ]
22 verbose url resolved https://registry.npmjs.org/validator
23 verbose request where is https://registry.npmjs.org/validator
24 info trying registry request attempt 1 at 15:36:02
25 verbose etag "8F4BGJD86767QQFEI8JFJQQND"
26 http GET https://registry.npmjs.org/validator
27 http 304 https://registry.npmjs.org/validator
28 silly registry.get cb [ 304,
28 silly registry.get   { date: 'Wed, 24 Dec 2014 14:36:03 GMT',
28 silly registry.get     server: 'Apache',
28 silly registry.get     via: '1.1 varnish',
28 silly registry.get     'last-modified': 'Wed, 24 Dec 2014 14:36:03 GMT',
28 silly registry.get     'cache-control': 'max-age=60',
28 silly registry.get     etag: '"8F4BGJD86767QQFEI8JFJQQND"',
28 silly registry.get     age: '10',
28 silly registry.get     'x-served-by': 'cache-lcy1130-LCY',
28 silly registry.get     'x-cache': 'HIT',
28 silly registry.get     'x-cache-hits': '1',
28 silly registry.get     'x-timer': 'S1419431763.092451,VS0,VE1',
28 silly registry.get     vary: 'Accept',
28 silly registry.get     'content-length': '0',
28 silly registry.get     'keep-alive': 'timeout=10, max=50',
28 silly registry.get     connection: 'Keep-Alive' } ]
29 verbose etag https://registry.npmjs.org/validator from cache
30 silly lockFile d8022a53-g-validator-validator-3-26-0-tgz https://registry.npmjs.org/validator/-/validator-3.26.0.tgz
31 verbose lock https://registry.npmjs.org/validator/-/validator-3.26.0.tgz /Users/joseba/.npm/d8022a53-g-validator-validator-3-26-0-tgz.lock
32 verbose addRemoteTarball [ 'https://registry.npmjs.org/validator/-/validator-3.26.0.tgz',
32 verbose addRemoteTarball   'd6ff007b7cfc9a32179ca3fe02b6d7da04138c7f' ]
33 info retry fetch attempt 1 at 15:36:03
34 verbose fetch to= /var/folders/dk/9c23wqgd5m162nnkczd4k97h0000gp/T/npm-49461-dn1UFNoB/registry.npmjs.org/validator/-/validator-3.26.0.tgz
35 http GET https://registry.npmjs.org/validator/-/validator-3.26.0.tgz
36 http 200 https://registry.npmjs.org/validator/-/validator-3.26.0.tgz
37 silly lockFile d8022a53-g-validator-validator-3-26-0-tgz https://registry.npmjs.org/validator/-/validator-3.26.0.tgz
38 silly lockFile d8022a53-g-validator-validator-3-26-0-tgz https://registry.npmjs.org/validator/-/validator-3.26.0.tgz
39 silly lockFile 9e79a94a-validator-3-26-0 validator@3.26.0
40 silly lockFile 9e79a94a-validator-3-26-0 validator@3.26.0
41 error Error: EACCES, mkdir '/Users/joseba/.npm/validator/3.26.0'
41 error  { [Error: EACCES, mkdir '/Users/joseba/.npm/validator/3.26.0']
41 error   errno: 3,
41 error   code: 'EACCES',
41 error   path: '/Users/joseba/.npm/validator/3.26.0',
41 error   parent: 'sails-hook-req-validation' }
42 error Please try running this command again as root/Administrator.
43 error System Darwin 14.0.0
44 error command "node" "/usr/local/bin/npm" "install"
45 error cwd /Users/joseba/Proyectos/reqValidationHook/reqValidationWorking/node_modules/sails-hook-req-validation
46 error node -v v0.10.34
47 error npm -v 1.4.28
48 error path /Users/joseba/.npm/validator/3.26.0
49 error code EACCES
50 error errno 3
51 error stack Error: EACCES, mkdir '/Users/joseba/.npm/validator/3.26.0'
52 verbose exit [ 3, true ]
